2022-06-30 15:31:48,995 INFO c.s.c.GithubCliApplication [main] Github CLI - START 
2022-06-30 15:31:49,116 INFO c.s.c.c.StatsCommand [main] Stats command - START with [repo=whitesource/log4j-detect-distribution], [outputFile=c:\tmp\pes]
2022-06-30 15:31:49,750 INFO c.s.c.u.RestServices [main] Executing request GET https://api.github.com/repos/whitesource/log4j-detect-distribution/stargazers
2022-06-30 15:31:50,823 INFO c.s.c.u.RestServices [main] Executing request GET https://api.github.com/repos/whitesource/log4j-detect-distribution/forks
2022-06-30 15:31:51,617 INFO c.s.c.u.RestServices [main] Executing request GET https://api.github.com/repos/whitesource/log4j-detect-distribution/contributors
2022-06-30 15:31:52,186 INFO c.s.c.u.RestServices [main] Executing request GET https://api.github.com/repos/whitesource/log4j-detect-distribution/languages
2022-06-30 15:31:52,643 INFO c.s.c.c.AbstractSubCommand [main] Data was written to file : c:\tmp\pes
2022-06-30 15:31:52,648 INFO c.s.c.c.StatsCommand [main] Stats command - data was written to console
2022-06-30 15:31:52,651 INFO c.s.c.c.StatsCommand [main] Downloads command - END
2022-06-30 15:31:52,652 INFO c.s.c.GithubCliApplication [main] Github CLI - END with exit status = 0
2022-06-30 15:50:25.495 INFO [main] [com.sheinfeld.cli.GithubCliApplication.main(GithubCliApplication.java:27)] - Github CLI - START 
2022-06-30 15:50:25.611 INFO [main] [com.sheinfeld.cli.commands.StatsCommand.run(StatsCommand.java:31)] - Stats command - START with [repo=whitesource/log4j-detect-distribution], [outputFile=c:\tmp\pes]
2022-06-30 15:50:26.107 INFO [main] [com.sheinfeld.cli.util.RestServices.callHttpGet(RestServices.java:27)] - Executing request GET https://api.github.com/repos/whitesource/log4j-detect-distribution/stargazers
2022-06-30 15:50:27.027 INFO [main] [com.sheinfeld.cli.util.RestServices.callHttpGet(RestServices.java:27)] - Executing request GET https://api.github.com/repos/whitesource/log4j-detect-distribution/forks
2022-06-30 15:50:27.821 INFO [main] [com.sheinfeld.cli.util.RestServices.callHttpGet(RestServices.java:27)] - Executing request GET https://api.github.com/repos/whitesource/log4j-detect-distribution/contributors
2022-06-30 15:50:28.227 INFO [main] [com.sheinfeld.cli.util.RestServices.callHttpGet(RestServices.java:27)] - Executing request GET https://api.github.com/repos/whitesource/log4j-detect-distribution/languages
2022-06-30 15:50:28.622 INFO [main] [com.sheinfeld.cli.commands.AbstractSubCommand.writeToFile(AbstractSubCommand.java:50)] - Data was written to file : c:\tmp\pes
2022-06-30 15:50:28.624 INFO [main] [com.sheinfeld.cli.commands.StatsCommand.run(StatsCommand.java:65)] - Stats command - data was written to console
2022-06-30 15:50:28.624 INFO [main] [com.sheinfeld.cli.commands.StatsCommand.run(StatsCommand.java:69)] - Downloads command - END
2022-06-30 15:50:28.625 INFO [main] [com.sheinfeld.cli.GithubCliApplication.main(GithubCliApplication.java:29)] - Github CLI - END with exit status = 0
