2022-06-29 23:55:22.443 INFO [main] [com.sheinfeld.cli.GithubCliCommand.main(GithubCliCommand.java:27)] - Github CLI - START 
2022-06-29 23:55:22.590 INFO [main] [com.sheinfeld.cli.commands.DownloadsCommand.run(DownloadsCommand.java:30)] - Downloads command - START with [repo=whitesource/log4j-detect-distribution], [outputFile=c:\tmp\t]
2022-06-29 23:55:23.016 INFO [main] [com.sheinfeld.cli.util.RestServices.callHttpGet(RestServices.java:27)] - Executing request GET http://api.github.com/repos/whitesource/log4j-detect-distribution/releases
2022-06-29 23:55:23.060 ERROR [main] [com.sheinfeld.cli.commands.DownloadsCommand.run(DownloadsCommand.java:48)] - Downloads command failed fetching data : 
java.net.UnknownHostException: No such host is known (api.github.com)
	at java.net.Inet6AddressImpl.lookupAllHostAddr(Native Method) ~[?:?]
	at java.net.InetAddress$PlatformNameService.lookupAllHostAddr(InetAddress.java:933) ~[?:?]
	at java.net.InetAddress.getAddressesFromNameService(InetAddress.java:1519) ~[?:?]
	at java.net.InetAddress$NameServiceAddresses.get(InetAddress.java:852) ~[?:?]
	at java.net.InetAddress.getAllByName0(InetAddress.java:1509) ~[?:?]
	at java.net.InetAddress.getAllByName(InetAddress.java:1367) ~[?:?]
	at java.net.InetAddress.getAllByName(InetAddress.java:1301) ~[?:?]
	at org.apache.hc.client5.http.SystemDefaultDnsResolver.resolve(SystemDefaultDnsResolver.java:43) ~[httpclient5-5.1.3.jar:5.1.3]
	at org.apache.hc.client5.http.impl.io.DefaultHttpClientConnectionOperator.connect(DefaultHttpClientConnectionOperator.java:118) ~[httpclient5-5.1.3.jar:5.1.3]
	at org.apache.hc.client5.http.impl.io.PoolingHttpClientConnectionManager.connect(PoolingHttpClientConnectionManager.java:396) ~[httpclient5-5.1.3.jar:5.1.3]
	at org.apache.hc.client5.http.impl.classic.InternalExecRuntime.connectEndpoint(InternalExecRuntime.java:158) ~[httpclient5-5.1.3.jar:5.1.3]
	at org.apache.hc.client5.http.impl.classic.InternalExecRuntime.connectEndpoint(InternalExecRuntime.java:168) ~[httpclient5-5.1.3.jar:5.1.3]
	at org.apache.hc.client5.http.impl.classic.ConnectExec.execute(ConnectExec.java:136) ~[httpclient5-5.1.3.jar:5.1.3]
	at org.apache.hc.client5.http.impl.classic.ExecChainElement.execute(ExecChainElement.java:51) ~[httpclient5-5.1.3.jar:5.1.3]
	at org.apache.hc.client5.http.impl.classic.ExecChainElement$1.proceed(ExecChainElement.java:57) ~[httpclient5-5.1.3.jar:5.1.3]
	at org.apache.hc.client5.http.impl.classic.ProtocolExec.execute(ProtocolExec.java:175) ~[httpclient5-5.1.3.jar:5.1.3]
	at org.apache.hc.client5.http.impl.classic.ExecChainElement.execute(ExecChainElement.java:51) ~[httpclient5-5.1.3.jar:5.1.3]
	at org.apache.hc.client5.http.impl.classic.ExecChainElement$1.proceed(ExecChainElement.java:57) ~[httpclient5-5.1.3.jar:5.1.3]
	at org.apache.hc.client5.http.impl.classic.HttpRequestRetryExec.execute(HttpRequestRetryExec.java:96) ~[httpclient5-5.1.3.jar:5.1.3]
	at org.apache.hc.client5.http.impl.classic.ExecChainElement.execute(ExecChainElement.java:51) ~[httpclient5-5.1.3.jar:5.1.3]
	at org.apache.hc.client5.http.impl.classic.ExecChainElement$1.proceed(ExecChainElement.java:57) ~[httpclient5-5.1.3.jar:5.1.3]
	at org.apache.hc.client5.http.impl.classic.ContentCompressionExec.execute(ContentCompressionExec.java:133) ~[httpclient5-5.1.3.jar:5.1.3]
	at org.apache.hc.client5.http.impl.classic.ExecChainElement.execute(ExecChainElement.java:51) ~[httpclient5-5.1.3.jar:5.1.3]
	at org.apache.hc.client5.http.impl.classic.ExecChainElement$1.proceed(ExecChainElement.java:57) ~[httpclient5-5.1.3.jar:5.1.3]
	at org.apache.hc.client5.http.impl.classic.RedirectExec.execute(RedirectExec.java:115) ~[httpclient5-5.1.3.jar:5.1.3]
	at org.apache.hc.client5.http.impl.classic.ExecChainElement.execute(ExecChainElement.java:51) ~[httpclient5-5.1.3.jar:5.1.3]
	at org.apache.hc.client5.http.impl.classic.InternalHttpClient.doExecute(InternalHttpClient.java:170) ~[httpclient5-5.1.3.jar:5.1.3]
	at org.apache.hc.client5.http.impl.classic.CloseableHttpClient.execute(CloseableHttpClient.java:67) ~[httpclient5-5.1.3.jar:5.1.3]
	at org.apache.hc.client5.http.impl.classic.CloseableHttpClient.execute(CloseableHttpClient.java:200) ~[httpclient5-5.1.3.jar:5.1.3]
	at org.apache.hc.client5.http.impl.classic.CloseableHttpClient.execute(CloseableHttpClient.java:143) ~[httpclient5-5.1.3.jar:5.1.3]
	at org.apache.hc.client5.http.impl.classic.CloseableHttpClient.execute(CloseableHttpClient.java:117) ~[httpclient5-5.1.3.jar:5.1.3]
	at com.sheinfeld.cli.util.RestServices.callHttpGet(RestServices.java:48) ~[classes/:?]
	at com.sheinfeld.cli.commands.DownloadsCommand.run(DownloadsCommand.java:39) ~[classes/:?]
	at picocli.CommandLine.executeUserObject(CommandLine.java:1939) ~[picocli-4.6.3.jar:4.6.3]
	at picocli.CommandLine.access$1300(CommandLine.java:145) ~[picocli-4.6.3.jar:4.6.3]
	at picocli.CommandLine$RunLast.executeUserObjectOfLastSubcommandWithSameParent(CommandLine.java:2358) ~[picocli-4.6.3.jar:4.6.3]
	at picocli.CommandLine$RunLast.handle(CommandLine.java:2352) ~[picocli-4.6.3.jar:4.6.3]
	at picocli.CommandLine$RunLast.handle(CommandLine.java:2314) ~[picocli-4.6.3.jar:4.6.3]
	at picocli.CommandLine$AbstractParseResultHandler.execute(CommandLine.java:2179) ~[picocli-4.6.3.jar:4.6.3]
	at picocli.CommandLine$RunLast.execute(CommandLine.java:2316) ~[picocli-4.6.3.jar:4.6.3]
	at picocli.CommandLine.execute(CommandLine.java:2078) ~[picocli-4.6.3.jar:4.6.3]
	at com.sheinfeld.cli.GithubCliCommand.main(GithubCliCommand.java:28) ~[classes/:?]
